<?xml version="1.0" encoding="UTF-8"?>
<testsuites name="Mocha Tests" time="5.257" tests="1" failures="0">
  <testsuite name="Root Suite" timestamp="2019-12-30T10:48:00" tests="0" failures="0" time="0">
  </testsuite>
  <testsuite name="Actions" timestamp="2019-12-30T10:48:00" tests="1" failures="0" time="5.257">
    <testcase name="Actions test" time="5.257" classname="test">
    </testcase>
  </testsuite>
</testsuites>